<?xml version="1.0" encoding="UTF-8"?>
<testng-results ignored="0" total="1" passed="1" failed="0" skipped="0">
  <reporter-output>
  </reporter-output>
  <suite started-at="2022-07-27T15:21:07 EET" name="Default suite" finished-at="2022-07-27T15:21:10 EET" duration-ms="3432">
    <groups>
    </groups>
    <test started-at="2022-07-27T15:21:07 EET" name="Default test" finished-at="2022-07-27T15:21:10 EET" duration-ms="3432">
      <class name="Test_Cases.TestCases">
        <test-method is-config="true" signature="OpenUrl()[pri:0, instance:Test_Cases.TestCases@3c407114]" started-at="2022-07-27T15:21:04 EET" name="OpenUrl" finished-at="2022-07-27T15:21:07 EET" duration-ms="2622" status="PASS">
          <reporter-output>
          </reporter-output>
        </test-method> <!-- OpenUrl -->
        <test-method signature="GoogleSearch(java.lang.String)[pri:0, instance:Test_Cases.TestCases@3c407114]" started-at="2022-07-27T15:21:07 EET" name="GoogleSearch" data-provider="data" finished-at="2022-07-27T15:21:10 EET" duration-ms="3409" status="PASS">
          <params>
            <param index="0">
              <value>
                <![CDATA[Facebook]]>
              </value>
            </param>
          </params>
          <reporter-output>
          </reporter-output>
        </test-method> <!-- GoogleSearch -->
      </class> <!-- Test_Cases.TestCases -->
    </test> <!-- Default test -->
  </suite> <!-- Default suite -->
</testng-results>
